Nov 07, 2024 11:47:41 AM fittrack.logger.FitTrackLogger setupLogger
INFO: Logger successfully initialized
Nov 07, 2024 11:47:41 AM fittrack.storage.Storage initialiseSaveFile
INFO: Accessing existing save file...
Nov 07, 2024 11:47:41 AM fittrack.storage.Storage loadSaveFile
INFO: Save file successfully loaded.
Nov 07, 2024 11:48:04 AM fittrack.storage.Storage updateSaveFile
INFO: Save file successfully updated.
Nov 07, 2024 11:48:04 AM fittrack.storage.Storage updateSaveFile
INFO: Save file successfully updated.
Nov 07, 2024 11:48:23 AM fittrack.storage.Storage updateSaveFile
INFO: Save file successfully updated.
Nov 07, 2024 11:48:49 AM fittrack.storage.Storage updateSaveFile
INFO: Save file successfully updated.
Nov 07, 2024 11:48:54 AM fittrack.storage.Storage updateSaveFile
INFO: Save file successfully updated.
Nov 07, 2024 11:49:00 AM fittrack.storage.Storage updateSaveFile
INFO: Save file successfully updated.
Nov 07, 2024 11:49:18 AM fittrack.storage.Storage updateSaveFile
INFO: Save file successfully updated.
Nov 07, 2024 11:49:41 AM fittrack.storage.Storage updateSaveFile
INFO: Save file successfully updated.
Nov 07, 2024 11:49:50 AM fittrack.storage.Storage updateSaveFile
INFO: Save file successfully updated.
Nov 07, 2024 11:49:55 AM fittrack.storage.Storage updateSaveFile
INFO: Save file successfully updated.
Nov 07, 2024 11:50:02 AM fittrack.storage.Storage updateSaveFile
INFO: Save file successfully updated.
Nov 07, 2024 11:50:07 AM fittrack.storage.Storage updateSaveFile
INFO: Save file successfully updated.
Nov 07, 2024 11:50:12 AM fittrack.storage.Storage updateSaveFile
INFO: Save file successfully updated.
Nov 07, 2024 11:50:17 AM fittrack.storage.Storage updateSaveFile
INFO: Save file successfully updated.
Nov 07, 2024 11:50:22 AM fittrack.storage.Storage updateSaveFile
INFO: Save file successfully updated.
Nov 07, 2024 11:50:30 AM fittrack.storage.Storage updateSaveFile
INFO: Save file successfully updated.
Nov 07, 2024 11:50:36 AM fittrack.storage.Storage updateSaveFile
INFO: Save file successfully updated.
Nov 07, 2024 11:50:44 AM fittrack.storage.Storage updateSaveFile
INFO: Save file successfully updated.
Nov 07, 2024 11:50:49 AM fittrack.storage.Storage updateSaveFile
INFO: Save file successfully updated.
