Oct 24, 2024 2:41:48 PM wheresmymoney.Logging <init>
INFO: Started Logging
Oct 24, 2024 2:41:55 PM wheresmymoney.Logging logMessage
INFO: Parsing Line: add /recur
Oct 24, 2024 2:42:54 PM wheresmymoney.Logging logMessage
INFO: Parsing Line: add /recur /price 4.5
Oct 24, 2024 2:42:54 PM wheresmymoney.Logging logMessage
INFO: Adding expense with parameters: 4.500000, null, null
Oct 24, 2024 2:42:54 PM wheresmymoney.Logging logMessage
INFO: Successfully added expense.
Oct 24, 2024 2:43:02 PM wheresmymoney.Logging logMessage
INFO: Parsing Line: bye
Oct 24, 2024 2:43:11 PM wheresmymoney.Logging <init>
INFO: Started Logging
Oct 24, 2024 2:43:14 PM wheresmymoney.Logging logMessage
INFO: Parsing Line: add /recur /price 4.5
Oct 24, 2024 2:43:14 PM wheresmymoney.Logging logMessage
INFO: Adding expense with parameters: 4.500000, null, null
Oct 24, 2024 2:43:14 PM wheresmymoney.Logging logMessage
INFO: Successfully added expense.
Oct 24, 2024 2:43:27 PM wheresmymoney.Logging logMessage
INFO: Parsing Line: bye
Oct 24, 2024 2:43:37 PM wheresmymoney.Logging <init>
INFO: Started Logging
Oct 24, 2024 2:43:40 PM wheresmymoney.Logging logMessage
INFO: Parsing Line: add /recur /price 4.5
Oct 24, 2024 2:43:40 PM wheresmymoney.Logging logMessage
INFO: Adding expense with parameters: 4.500000, null, null
Oct 24, 2024 2:43:40 PM wheresmymoney.Logging logMessage
INFO: Successfully added expense.
Oct 24, 2024 2:43:49 PM wheresmymoney.Logging logMessage
INFO: Parsing Line: add /price 4.5
Oct 24, 2024 2:43:49 PM wheresmymoney.Logging logMessage
INFO: Adding expense with parameters: 4.500000, null, null
Oct 24, 2024 2:43:49 PM wheresmymoney.Logging logMessage
INFO: Successfully added expense.
Oct 24, 2024 2:45:18 PM wheresmymoney.Logging <init>
INFO: Started Logging
Oct 24, 2024 2:45:21 PM wheresmymoney.Logging logMessage
INFO: Parsing Line: add /recur /price 4.5
Oct 24, 2024 2:45:21 PM wheresmymoney.Logging logMessage
INFO: Adding expense with parameters: 4.500000, null, null
Oct 24, 2024 2:45:21 PM wheresmymoney.Logging logMessage
INFO: Successfully added expense.
Oct 24, 2024 2:45:32 PM wheresmymoney.Logging logMessage
INFO: Parsing Line: add /price 4.5
Oct 24, 2024 2:45:32 PM wheresmymoney.Logging logMessage
INFO: Adding expense with parameters: 4.500000, null, null
Oct 24, 2024 2:45:32 PM wheresmymoney.Logging logMessage
INFO: Successfully added expense.
Oct 24, 2024 2:45:52 PM wheresmymoney.Logging logMessage
INFO: Parsing Line: bye
Oct 24, 2024 2:46:01 PM wheresmymoney.Logging <init>
INFO: Started Logging
Oct 24, 2024 2:46:04 PM wheresmymoney.Logging logMessage
INFO: Parsing Line: add /price 4.5
Oct 24, 2024 2:46:04 PM wheresmymoney.Logging logMessage
INFO: Adding expense with parameters: 4.500000, null, null
Oct 24, 2024 2:46:04 PM wheresmymoney.Logging logMessage
INFO: Successfully added expense.
Oct 24, 2024 2:46:06 PM wheresmymoney.Logging logMessage
INFO: Parsing Line: add /recur /price 4.5
Oct 24, 2024 2:46:06 PM wheresmymoney.Logging logMessage
INFO: Adding expense with parameters: 4.500000, null, null
Oct 24, 2024 2:46:06 PM wheresmymoney.Logging logMessage
INFO: Successfully added expense.
Oct 24, 2024 2:46:07 PM wheresmymoney.Logging logMessage
INFO: Parsing Line: bye
Oct 24, 2024 2:51:54 PM wheresmymoney.Logging <init>
INFO: Started Logging
Oct 24, 2024 2:52:02 PM wheresmymoney.Logging logMessage
INFO: Parsing Line: add /recur /price 4.5
Oct 24, 2024 2:52:07 PM wheresmymoney.Logging logMessage
INFO: Parsing Line: add /price 4.5
Oct 24, 2024 2:52:07 PM wheresmymoney.Logging logMessage
INFO: Adding expense with parameters: 4.500000, null, null
Oct 24, 2024 2:52:07 PM wheresmymoney.Logging logMessage
INFO: Successfully added expense.
Oct 24, 2024 2:53:15 PM wheresmymoney.Logging <init>
INFO: Started Logging
Oct 24, 2024 2:53:15 PM wheresmymoney.Logging logMessage
INFO: Adding expense with parameters: 1.000000, Ice Cream, Food
Oct 24, 2024 2:53:15 PM wheresmymoney.Logging logMessage
INFO: Successfully added expense.
Oct 24, 2024 2:53:15 PM wheresmymoney.Logging logMessage
INFO: Adding expense with parameters: null, null, null
Oct 24, 2024 2:53:15 PM wheresmymoney.Logging logMessage
INFO: Successfully added expense.
Oct 24, 2024 2:53:15 PM wheresmymoney.Logging logMessage
INFO: Adding expense with parameters: 1.000000, Ice Cream, Food
Oct 24, 2024 2:53:15 PM wheresmymoney.Logging logMessage
INFO: Successfully added expense.
Oct 24, 2024 2:53:15 PM wheresmymoney.Logging logMessage
INFO: Adding expense with parameters: 1.000000, Ice Cream, Food
Oct 24, 2024 2:53:15 PM wheresmymoney.Logging logMessage
INFO: Successfully added expense.
Oct 24, 2024 2:53:15 PM wheresmymoney.Logging logMessage
INFO: Attempting to edit expense.
Oct 24, 2024 2:53:15 PM wheresmymoney.Logging logMessage
INFO: Successfully edited expense.
Oct 24, 2024 2:53:15 PM wheresmymoney.Logging logMessage
INFO: Adding expense with parameters: 1.000000, Ice Cream, Food
Oct 24, 2024 2:53:15 PM wheresmymoney.Logging logMessage
INFO: Successfully added expense.
Oct 24, 2024 2:53:15 PM wheresmymoney.Logging logMessage
INFO: Adding expense with parameters: 4.500000, Taxi, Transport
Oct 24, 2024 2:53:15 PM wheresmymoney.Logging logMessage
INFO: Successfully added expense.
Oct 24, 2024 2:53:15 PM wheresmymoney.Logging logMessage
INFO: Adding expense with parameters: 1.000000, Ice Cream, Food
Oct 24, 2024 2:53:15 PM wheresmymoney.Logging logMessage
INFO: Successfully added expense.
Oct 24, 2024 2:53:15 PM wheresmymoney.Logging logMessage
INFO: Attempting to edit expense.
Oct 24, 2024 2:53:15 PM wheresmymoney.Logging logMessage
INFO: Failure when editing expense.
Oct 24, 2024 2:53:15 PM wheresmymoney.Logging logMessage
INFO: Adding expense with parameters: 1.000000, Ice Cream, Food
Oct 24, 2024 2:53:15 PM wheresmymoney.Logging logMessage
INFO: Successfully added expense.
Oct 24, 2024 2:53:15 PM wheresmymoney.Logging logMessage
INFO: Adding expense with parameters: 4.500000, Taxi, Transport
Oct 24, 2024 2:53:15 PM wheresmymoney.Logging logMessage
INFO: Successfully added expense.
Oct 24, 2024 2:53:15 PM wheresmymoney.Logging logMessage
INFO: Found matching expense: Ice Cream
Oct 24, 2024 2:53:15 PM wheresmymoney.Logging logMessage
INFO: Found matching expense: Ice Cream
Oct 24, 2024 2:56:11 PM wheresmymoney.Logging <init>
INFO: Started Logging
Oct 24, 2024 2:56:11 PM wheresmymoney.Logging logMessage
INFO: Adding expense with parameters: 1.000000, Ice Cream, Food
Oct 24, 2024 2:56:11 PM wheresmymoney.Logging logMessage
INFO: Successfully added expense.
Oct 24, 2024 2:56:11 PM wheresmymoney.Logging logMessage
INFO: Adding expense with parameters: null, null, null
Oct 24, 2024 2:56:11 PM wheresmymoney.Logging logMessage
INFO: Successfully added expense.
Oct 24, 2024 2:56:11 PM wheresmymoney.Logging logMessage
INFO: Adding expense with parameters: 1.000000, Ice Cream, Food
Oct 24, 2024 2:56:11 PM wheresmymoney.Logging logMessage
INFO: Successfully added expense.
Oct 24, 2024 2:56:11 PM wheresmymoney.Logging logMessage
INFO: Adding expense with parameters: 1.000000, Ice Cream, Food
Oct 24, 2024 2:56:11 PM wheresmymoney.Logging logMessage
INFO: Successfully added expense.
Oct 24, 2024 2:56:11 PM wheresmymoney.Logging logMessage
INFO: Attempting to edit expense.
Oct 24, 2024 2:56:11 PM wheresmymoney.Logging logMessage
INFO: Successfully edited expense.
Oct 24, 2024 2:56:11 PM wheresmymoney.Logging logMessage
INFO: Adding expense with parameters: 1.000000, Ice Cream, Food
Oct 24, 2024 2:56:11 PM wheresmymoney.Logging logMessage
INFO: Successfully added expense.
Oct 24, 2024 2:56:11 PM wheresmymoney.Logging logMessage
INFO: Adding expense with parameters: 4.500000, Taxi, Transport
Oct 24, 2024 2:56:11 PM wheresmymoney.Logging logMessage
INFO: Successfully added expense.
Oct 24, 2024 2:56:11 PM wheresmymoney.Logging logMessage
INFO: Adding expense with parameters: 1.000000, Ice Cream, Food
Oct 24, 2024 2:56:11 PM wheresmymoney.Logging logMessage
INFO: Successfully added expense.
Oct 24, 2024 2:56:11 PM wheresmymoney.Logging logMessage
INFO: Attempting to edit expense.
Oct 24, 2024 2:56:11 PM wheresmymoney.Logging logMessage
INFO: Failure when editing expense.
Oct 24, 2024 2:56:11 PM wheresmymoney.Logging logMessage
INFO: Adding expense with parameters: 1.000000, Ice Cream, Food
Oct 24, 2024 2:56:11 PM wheresmymoney.Logging logMessage
INFO: Successfully added expense.
Oct 24, 2024 2:56:11 PM wheresmymoney.Logging logMessage
INFO: Adding expense with parameters: 4.500000, Taxi, Transport
Oct 24, 2024 2:56:11 PM wheresmymoney.Logging logMessage
INFO: Successfully added expense.
Oct 24, 2024 2:56:11 PM wheresmymoney.Logging logMessage
INFO: Found matching expense: Ice Cream
Oct 24, 2024 2:56:11 PM wheresmymoney.Logging logMessage
INFO: Found matching expense: Ice Cream
Oct 24, 2024 2:57:07 PM wheresmymoney.Logging <init>
INFO: Started Logging
Oct 24, 2024 2:57:07 PM wheresmymoney.Logging logMessage
INFO: Adding expense with parameters: 1.000000, Ice Cream, Food
Oct 24, 2024 2:57:07 PM wheresmymoney.Logging logMessage
INFO: Successfully added expense.
Oct 24, 2024 2:57:07 PM wheresmymoney.Logging logMessage
INFO: Adding expense with parameters: null, null, null
Oct 24, 2024 2:57:07 PM wheresmymoney.Logging logMessage
INFO: Successfully added expense.
Oct 24, 2024 2:57:07 PM wheresmymoney.Logging logMessage
INFO: Adding expense with parameters: 1.000000, Ice Cream, Food
Oct 24, 2024 2:57:07 PM wheresmymoney.Logging logMessage
INFO: Successfully added expense.
Oct 24, 2024 2:57:07 PM wheresmymoney.Logging logMessage
INFO: Adding expense with parameters: 1.000000, Ice Cream, Food
Oct 24, 2024 2:57:07 PM wheresmymoney.Logging logMessage
INFO: Successfully added expense.
Oct 24, 2024 2:57:07 PM wheresmymoney.Logging logMessage
INFO: Attempting to edit expense.
Oct 24, 2024 2:57:07 PM wheresmymoney.Logging logMessage
INFO: Successfully edited expense.
Oct 24, 2024 2:57:07 PM wheresmymoney.Logging logMessage
INFO: Adding expense with parameters: 1.000000, Ice Cream, Food
Oct 24, 2024 2:57:07 PM wheresmymoney.Logging logMessage
INFO: Successfully added expense.
Oct 24, 2024 2:57:07 PM wheresmymoney.Logging logMessage
INFO: Adding expense with parameters: 4.500000, Taxi, Transport
Oct 24, 2024 2:57:07 PM wheresmymoney.Logging logMessage
INFO: Successfully added expense.
Oct 24, 2024 2:57:07 PM wheresmymoney.Logging logMessage
INFO: Adding expense with parameters: 1.000000, Ice Cream, Food
Oct 24, 2024 2:57:07 PM wheresmymoney.Logging logMessage
INFO: Successfully added expense.
Oct 24, 2024 2:57:07 PM wheresmymoney.Logging logMessage
INFO: Attempting to edit expense.
Oct 24, 2024 2:57:07 PM wheresmymoney.Logging logMessage
INFO: Failure when editing expense.
Oct 24, 2024 2:57:07 PM wheresmymoney.Logging logMessage
INFO: Adding expense with parameters: 1.000000, Ice Cream, Food
Oct 24, 2024 2:57:07 PM wheresmymoney.Logging logMessage
INFO: Successfully added expense.
Oct 24, 2024 2:57:07 PM wheresmymoney.Logging logMessage
INFO: Adding expense with parameters: 4.500000, Taxi, Transport
Oct 24, 2024 2:57:07 PM wheresmymoney.Logging logMessage
INFO: Successfully added expense.
Oct 24, 2024 2:57:07 PM wheresmymoney.Logging logMessage
INFO: Found matching expense: Ice Cream
Oct 24, 2024 2:57:07 PM wheresmymoney.Logging logMessage
INFO: Found matching expense: Ice Cream
Oct 24, 2024 2:57:37 PM wheresmymoney.Logging <init>
INFO: Started Logging
Oct 24, 2024 2:57:37 PM wheresmymoney.Logging logMessage
INFO: Adding expense with parameters: 1.000000, Ice Cream, Food
Oct 24, 2024 2:57:37 PM wheresmymoney.Logging logMessage
INFO: Successfully added expense.
Oct 24, 2024 2:57:37 PM wheresmymoney.Logging logMessage
INFO: Adding expense with parameters: null, null, null
Oct 24, 2024 2:57:37 PM wheresmymoney.Logging logMessage
INFO: Successfully added expense.
Oct 24, 2024 2:57:37 PM wheresmymoney.Logging logMessage
INFO: Adding expense with parameters: 1.000000, Ice Cream, Food
Oct 24, 2024 2:57:37 PM wheresmymoney.Logging logMessage
INFO: Successfully added expense.
Oct 24, 2024 2:57:37 PM wheresmymoney.Logging logMessage
INFO: Adding expense with parameters: 1.000000, Ice Cream, Food
Oct 24, 2024 2:57:37 PM wheresmymoney.Logging logMessage
INFO: Successfully added expense.
Oct 24, 2024 2:57:37 PM wheresmymoney.Logging logMessage
INFO: Attempting to edit expense.
Oct 24, 2024 2:57:37 PM wheresmymoney.Logging logMessage
INFO: Successfully edited expense.
Oct 24, 2024 2:57:37 PM wheresmymoney.Logging logMessage
INFO: Adding expense with parameters: 1.000000, Ice Cream, Food
Oct 24, 2024 2:57:37 PM wheresmymoney.Logging logMessage
INFO: Successfully added expense.
Oct 24, 2024 2:57:37 PM wheresmymoney.Logging logMessage
INFO: Adding expense with parameters: 4.500000, Taxi, Transport
Oct 24, 2024 2:57:37 PM wheresmymoney.Logging logMessage
INFO: Successfully added expense.
Oct 24, 2024 2:57:37 PM wheresmymoney.Logging logMessage
INFO: Adding expense with parameters: 1.000000, Ice Cream, Food
Oct 24, 2024 2:57:37 PM wheresmymoney.Logging logMessage
INFO: Successfully added expense.
Oct 24, 2024 2:57:37 PM wheresmymoney.Logging logMessage
INFO: Attempting to edit expense.
Oct 24, 2024 2:57:37 PM wheresmymoney.Logging logMessage
INFO: Failure when editing expense.
Oct 24, 2024 2:57:37 PM wheresmymoney.Logging logMessage
INFO: Adding expense with parameters: 1.000000, Ice Cream, Food
Oct 24, 2024 2:57:37 PM wheresmymoney.Logging logMessage
INFO: Successfully added expense.
Oct 24, 2024 2:57:37 PM wheresmymoney.Logging logMessage
INFO: Adding expense with parameters: 4.500000, Taxi, Transport
Oct 24, 2024 2:57:37 PM wheresmymoney.Logging logMessage
INFO: Successfully added expense.
Oct 24, 2024 2:57:37 PM wheresmymoney.Logging logMessage
INFO: Found matching expense: Ice Cream
Oct 24, 2024 2:57:37 PM wheresmymoney.Logging logMessage
INFO: Found matching expense: Ice Cream
Oct 24, 2024 5:18:07 PM wheresmymoney.Logging <init>
INFO: Started Logging
Oct 24, 2024 5:18:24 PM wheresmymoney.Logging logMessage
INFO: Parsing Line: add /recur /price 2 /category Food /description yeet
Oct 24, 2024 5:18:24 PM wheresmymoney.Logging logMessage
INFO: Adding recurring expense with parameters: 2.000000, yeet, Food
Oct 24, 2024 5:18:24 PM wheresmymoney.Logging logMessage
INFO: Successfully added recurring expense.
Oct 24, 2024 5:18:26 PM wheresmymoney.Logging logMessage
INFO: Parsing Line: list
Oct 24, 2024 5:18:48 PM wheresmymoney.Logging <init>
INFO: Started Logging
Oct 24, 2024 5:18:51 PM wheresmymoney.Logging logMessage
INFO: Parsing Line: add /recur /price 2 /category Food /description yeet
Oct 24, 2024 5:18:51 PM wheresmymoney.Logging logMessage
INFO: Adding recurring expense with parameters: 2.000000, yeet, Food
Oct 24, 2024 5:18:51 PM wheresmymoney.Logging logMessage
INFO: Successfully added recurring expense.
Oct 24, 2024 5:19:02 PM wheresmymoney.Logging <init>
INFO: Started Logging
Oct 24, 2024 5:19:03 PM wheresmymoney.Logging logMessage
INFO: Parsing Line: add /recur /price 2 /category Food /description yeet
Oct 24, 2024 5:19:03 PM wheresmymoney.Logging logMessage
INFO: Adding recurring expense with parameters: 2.000000, yeet, Food
Oct 24, 2024 5:19:03 PM wheresmymoney.Logging logMessage
INFO: Successfully added recurring expense.
Oct 24, 2024 5:19:12 PM wheresmymoney.Logging <init>
INFO: Started Logging
Oct 24, 2024 5:19:12 PM wheresmymoney.Logging logMessage
INFO: Adding expense with parameters: 1.000000, Ice Cream, Food
Oct 24, 2024 5:19:12 PM wheresmymoney.Logging logMessage
INFO: Successfully added expense.
Oct 24, 2024 5:19:12 PM wheresmymoney.Logging logMessage
INFO: Adding expense with parameters: null, null, null
Oct 24, 2024 5:19:12 PM wheresmymoney.Logging logMessage
INFO: Successfully added expense.
Oct 24, 2024 5:19:12 PM wheresmymoney.Logging logMessage
INFO: Adding expense with parameters: 1.000000, Ice Cream, Food
Oct 24, 2024 5:19:12 PM wheresmymoney.Logging logMessage
INFO: Successfully added expense.
Oct 24, 2024 5:19:12 PM wheresmymoney.Logging logMessage
INFO: Adding expense with parameters: 1.000000, Ice Cream, Food
Oct 24, 2024 5:19:12 PM wheresmymoney.Logging logMessage
INFO: Successfully added expense.
Oct 24, 2024 5:19:12 PM wheresmymoney.Logging logMessage
INFO: Attempting to edit expense.
Oct 24, 2024 5:19:12 PM wheresmymoney.Logging logMessage
INFO: Successfully edited expense.
Oct 24, 2024 5:19:12 PM wheresmymoney.Logging logMessage
INFO: Adding expense with parameters: 1.000000, Ice Cream, Food
Oct 24, 2024 5:19:12 PM wheresmymoney.Logging logMessage
INFO: Successfully added expense.
Oct 24, 2024 5:19:12 PM wheresmymoney.Logging logMessage
INFO: Adding expense with parameters: 4.500000, Taxi, Transport
Oct 24, 2024 5:19:12 PM wheresmymoney.Logging logMessage
INFO: Successfully added expense.
Oct 24, 2024 5:19:12 PM wheresmymoney.Logging logMessage
INFO: Adding expense with parameters: 1.000000, Ice Cream, Food
Oct 24, 2024 5:19:12 PM wheresmymoney.Logging logMessage
INFO: Successfully added expense.
Oct 24, 2024 5:19:12 PM wheresmymoney.Logging logMessage
INFO: Attempting to edit expense.
Oct 24, 2024 5:19:12 PM wheresmymoney.Logging logMessage
INFO: Failure when editing expense.
Oct 24, 2024 5:19:12 PM wheresmymoney.Logging logMessage
INFO: Adding expense with parameters: 1.000000, Ice Cream, Food
Oct 24, 2024 5:19:12 PM wheresmymoney.Logging logMessage
INFO: Successfully added expense.
Oct 24, 2024 5:19:12 PM wheresmymoney.Logging logMessage
INFO: Adding expense with parameters: 4.500000, Taxi, Transport
Oct 24, 2024 5:19:12 PM wheresmymoney.Logging logMessage
INFO: Successfully added expense.
Oct 24, 2024 5:19:12 PM wheresmymoney.Logging logMessage
INFO: Found matching expense: Ice Cream
Oct 24, 2024 5:19:12 PM wheresmymoney.Logging logMessage
INFO: Found matching expense: Ice Cream
Oct 24, 2024 5:19:43 PM wheresmymoney.Logging <init>
INFO: Started Logging
Oct 24, 2024 5:19:52 PM wheresmymoney.Logging <init>
INFO: Started Logging
Oct 24, 2024 5:19:59 PM wheresmymoney.Logging <init>
INFO: Started Logging
Oct 24, 2024 5:20:02 PM wheresmymoney.Logging logMessage
INFO: Parsing Line: add /recur /price 2 /category Food /description yeet
Oct 24, 2024 5:20:02 PM wheresmymoney.Logging logMessage
INFO: Adding recurring expense with parameters: 2.000000, yeet, Food
Oct 24, 2024 5:20:02 PM wheresmymoney.Logging logMessage
INFO: Successfully added recurring expense.
Oct 24, 2024 5:22:02 PM wheresmymoney.Logging <init>
INFO: Started Logging
Oct 24, 2024 5:22:06 PM wheresmymoney.Logging logMessage
INFO: Parsing Line: add /recur /price 2 /category Food /description yeet
Oct 24, 2024 5:22:06 PM wheresmymoney.Logging logMessage
INFO: Adding recurring expense with parameters: 2.000000, yeet, Food
Oct 24, 2024 5:22:06 PM wheresmymoney.Logging logMessage
INFO: Successfully added recurring expense.
Oct 24, 2024 5:22:08 PM wheresmymoney.Logging logMessage
INFO: Parsing Line: list /recur
Oct 24, 2024 5:22:32 PM wheresmymoney.Logging <init>
INFO: Started Logging
Oct 24, 2024 5:22:43 PM wheresmymoney.Logging logMessage
INFO: Parsing Line: add /price 2 /category Food /description yeet
Oct 24, 2024 5:22:43 PM wheresmymoney.Logging logMessage
INFO: Adding expense with parameters: 2.000000, yeet, Food
Oct 24, 2024 5:22:43 PM wheresmymoney.Logging logMessage
INFO: Successfully added expense.
Oct 24, 2024 5:22:45 PM wheresmymoney.Logging logMessage
INFO: Parsing Line: list
Oct 24, 2024 5:22:47 PM wheresmymoney.Logging logMessage
INFO: Parsing Line: bye
Oct 24, 2024 5:23:17 PM wheresmymoney.Logging <init>
INFO: Started Logging
Oct 24, 2024 5:23:46 PM wheresmymoney.Logging logMessage
INFO: Parsing Line: add /price 2 /category Food /description yeet /date 2-3-2024 /frequency weekly
Oct 24, 2024 5:23:46 PM wheresmymoney.Logging logMessage
INFO: Adding expense with parameters: 2.000000, yeet, Food
Oct 24, 2024 5:23:46 PM wheresmymoney.Logging logMessage
INFO: Successfully added expense.
Oct 24, 2024 5:23:48 PM wheresmymoney.Logging logMessage
INFO: Parsing Line: list /recur
Oct 24, 2024 5:24:07 PM wheresmymoney.Logging logMessage
INFO: Parsing Line: list
Oct 24, 2024 5:24:10 PM wheresmymoney.Logging logMessage
INFO: Parsing Line: bye
Oct 24, 2024 8:06:16 PM wheresmymoney.Logging <init>
INFO: Started Logging
Oct 24, 2024 8:06:27 PM wheresmymoney.Logging logMessage
INFO: Parsing Line: add /price 2.0 /description ice cream /category food
Oct 24, 2024 8:06:27 PM wheresmymoney.Logging logMessage
INFO: Adding expense with parameters: 2.000000, ice cream, food
Oct 24, 2024 8:06:27 PM wheresmymoney.Logging logMessage
INFO: Successfully added expense.
Oct 24, 2024 8:06:28 PM wheresmymoney.Logging logMessage
INFO: Parsing Line: list
Oct 24, 2024 8:06:40 PM wheresmymoney.Logging logMessage
INFO: Parsing Line: add /price 2.0 /description ice cream /category food /recur /date 1-1-2011
Oct 24, 2024 8:06:40 PM wheresmymoney.Logging logMessage
INFO: Adding recurring expense with parameters: 2.000000, ice cream, food
Oct 24, 2024 8:06:40 PM wheresmymoney.Logging logMessage
INFO: Successfully added recurring expense.
Oct 24, 2024 8:06:41 PM wheresmymoney.Logging logMessage
INFO: Parsing Line: list
Oct 24, 2024 8:06:44 PM wheresmymoney.Logging logMessage
INFO: Parsing Line: list /recur
Oct 24, 2024 8:06:49 PM wheresmymoney.Logging logMessage
INFO: Parsing Line: bye
Oct 24, 2024 8:10:14 PM wheresmymoney.Logging <init>
INFO: Started Logging
Oct 24, 2024 8:10:19 PM wheresmymoney.Logging logMessage
INFO: Parsing Line: add /price 2.0 /description ice cream /category food /recur /date 1-1-2011
Oct 24, 2024 8:10:54 PM wheresmymoney.Logging <init>
INFO: Started Logging
Oct 24, 2024 8:10:56 PM wheresmymoney.Logging logMessage
INFO: Parsing Line: add /price 2.0 /description ice cream /category food /recur /date 1-1-2011
Oct 24, 2024 8:10:56 PM wheresmymoney.Logging logMessage
INFO: Adding recurring expense with parameters: 2.000000, ice cream, food, 1-1-2011, null
Oct 24, 2024 8:10:56 PM wheresmymoney.Logging logMessage
INFO: Successfully added recurring expense.
Oct 24, 2024 8:11:04 PM wheresmymoney.Logging logMessage
INFO: Parsing Line: list /recur
Oct 24, 2024 8:11:06 PM wheresmymoney.Logging logMessage
INFO: Parsing Line: bye
Oct 24, 2024 8:12:02 PM wheresmymoney.Logging <init>
INFO: Started Logging
Oct 24, 2024 8:12:05 PM wheresmymoney.Logging logMessage
INFO: Parsing Line: add /price 2.0 /description ice cream /category food /recur /date 1-1-2011
Oct 24, 2024 8:12:05 PM wheresmymoney.Logging logMessage
INFO: Adding recurring expense with parameters: 2.000000, ice cream, food, 1-1-2011, null
Oct 24, 2024 8:12:05 PM wheresmymoney.Logging logMessage
INFO: Successfully added recurring expense.
Oct 24, 2024 8:12:07 PM wheresmymoney.Logging logMessage
INFO: Parsing Line: list /recur
Oct 24, 2024 8:12:16 PM wheresmymoney.Logging logMessage
INFO: Parsing Line: bye
Oct 24, 2024 8:12:31 PM wheresmymoney.Logging <init>
INFO: Started Logging
Oct 24, 2024 8:12:35 PM wheresmymoney.Logging logMessage
INFO: Parsing Line: list /recur
Oct 24, 2024 8:12:44 PM wheresmymoney.Logging logMessage
INFO: Parsing Line: bye
Oct 24, 2024 8:19:28 PM wheresmymoney.Logging <init>
INFO: Started Logging
Oct 24, 2024 8:19:45 PM wheresmymoney.Logging logMessage
INFO: Parsing Line: add /recur /description liya /price 2 /category food
Oct 24, 2024 8:19:45 PM wheresmymoney.Logging logMessage
INFO: Adding recurring expense with parameters: 2.000000, liya, food, null, null
Oct 24, 2024 8:19:45 PM wheresmymoney.Logging logMessage
INFO: Successfully added recurring expense.
Oct 24, 2024 8:19:47 PM wheresmymoney.Logging logMessage
INFO: Parsing Line: list /recur
Oct 24, 2024 8:19:54 PM wheresmymoney.Logging logMessage
INFO: Parsing Line: bye
Oct 24, 2024 8:20:39 PM wheresmymoney.Logging <init>
INFO: Started Logging
Oct 24, 2024 8:20:42 PM wheresmymoney.Logging logMessage
INFO: Parsing Line: add /recur /description liya /price 2 /category food
Oct 24, 2024 8:20:42 PM wheresmymoney.Logging logMessage
INFO: Adding recurring expense with parameters: 2.000000, liya, food, null, null
Oct 24, 2024 8:20:42 PM wheresmymoney.Logging logMessage
INFO: Successfully added recurring expense.
Oct 24, 2024 8:20:45 PM wheresmymoney.Logging logMessage
INFO: Parsing Line: list /recur
Oct 24, 2024 8:20:53 PM wheresmymoney.Logging logMessage
INFO: Parsing Line: bye
Oct 24, 2024 8:22:13 PM wheresmymoney.Logging <init>
INFO: Started Logging
Oct 24, 2024 8:22:36 PM wheresmymoney.Logging logMessage
INFO: Parsing Line: add /recure /description chicken rice /category food /price 2
Oct 24, 2024 8:22:36 PM wheresmymoney.Logging logMessage
INFO: Adding expense with parameters: 2.000000, chicken rice, food
Oct 24, 2024 8:22:36 PM wheresmymoney.Logging logMessage
INFO: Successfully added expense.
Oct 24, 2024 8:22:40 PM wheresmymoney.Logging logMessage
INFO: Parsing Line: list /recur
Oct 24, 2024 8:22:48 PM wheresmymoney.Logging logMessage
INFO: Parsing Line: list 
Oct 24, 2024 8:22:55 PM wheresmymoney.Logging logMessage
INFO: Parsing Line: add /recur /description chicken rice /category food /price 2
Oct 24, 2024 8:22:55 PM wheresmymoney.Logging logMessage
INFO: Adding recurring expense with parameters: 2.000000, chicken rice, food, null, null
Oct 24, 2024 8:22:55 PM wheresmymoney.Logging logMessage
INFO: Successfully added recurring expense.
Oct 24, 2024 8:22:58 PM wheresmymoney.Logging logMessage
INFO: Parsing Line: list /recur
Oct 24, 2024 8:24:38 PM wheresmymoney.Logging <init>
INFO: Started Logging
Oct 24, 2024 8:24:45 PM wheresmymoney.Logging logMessage
INFO: Parsing Line: add /recur /description chicken rice /category food /price 2
Oct 24, 2024 8:24:45 PM wheresmymoney.Logging logMessage
INFO: Adding recurring expense with parameters: 2.000000, chicken rice, food, null, null
Oct 24, 2024 8:24:45 PM wheresmymoney.Logging logMessage
INFO: Successfully added recurring expense.
Oct 24, 2024 8:24:47 PM wheresmymoney.Logging logMessage
INFO: Parsing Line: list /recur
Oct 24, 2024 8:25:13 PM wheresmymoney.Logging <init>
INFO: Started Logging
Oct 24, 2024 8:25:16 PM wheresmymoney.Logging logMessage
INFO: Parsing Line: add /recur /description chicken rice /category food /price 2
Oct 24, 2024 8:25:16 PM wheresmymoney.Logging logMessage
INFO: Adding recurring expense with parameters: 2.000000, chicken rice, food, null, null
Oct 24, 2024 8:25:16 PM wheresmymoney.Logging logMessage
INFO: Successfully added recurring expense.
Oct 24, 2024 8:25:17 PM wheresmymoney.Logging logMessage
INFO: Parsing Line: list 
Oct 24, 2024 8:25:19 PM wheresmymoney.Logging logMessage
INFO: Parsing Line: list /recur
Oct 24, 2024 8:30:13 PM wheresmymoney.Logging <init>
INFO: Started Logging
Oct 24, 2024 8:30:18 PM wheresmymoney.Logging logMessage
INFO: Parsing Line: add /recur /description chicken rice /category food /price 2
Oct 24, 2024 8:30:18 PM wheresmymoney.Logging logMessage
INFO: Adding recurring expense with parameters: 2.000000, chicken rice, food, null, null
Oct 24, 2024 8:30:18 PM wheresmymoney.Logging logMessage
INFO: Successfully added recurring expense.
Oct 24, 2024 8:30:21 PM wheresmymoney.Logging logMessage
INFO: Parsing Line: list /recur
Oct 24, 2024 10:52:12 PM wheresmymoney.Logging <init>
INFO: Started Logging
Oct 24, 2024 10:52:14 PM wheresmymoney.Logging logMessage
INFO: Parsing Line: bye
Oct 25, 2024 1:16:16 PM wheresmymoney.Logging <init>
INFO: Started Logging
Oct 25, 2024 1:16:30 PM wheresmymoney.Logging logMessage
INFO: Parsing Line: add /recur /price 2.0 /description rice /category food
Oct 25, 2024 1:16:30 PM wheresmymoney.Logging logMessage
INFO: Adding recurring expense with parameters: 2.000000, rice, food, null, null
Oct 25, 2024 1:16:30 PM wheresmymoney.Logging logMessage
INFO: Successfully added recurring expense.
Oct 25, 2024 1:16:33 PM wheresmymoney.Logging logMessage
INFO: Parsing Line: list /recur
Oct 25, 2024 1:16:48 PM wheresmymoney.Logging logMessage
INFO: Parsing Line: add /recur /price 2.0 /description rice /category food /date 1-1-2024 /frequency weekly
Oct 25, 2024 1:16:48 PM wheresmymoney.Logging logMessage
INFO: Adding recurring expense with parameters: 2.000000, rice, food, 1-1-2024, weekly
Oct 25, 2024 1:16:48 PM wheresmymoney.Logging logMessage
INFO: Successfully added recurring expense.
Oct 25, 2024 1:16:50 PM wheresmymoney.Logging logMessage
INFO: Parsing Line: list /recur
Oct 25, 2024 1:17:01 PM wheresmymoney.Logging logMessage
INFO: Parsing Line: bye
Oct 25, 2024 1:17:18 PM wheresmymoney.Logging <init>
INFO: Started Logging
Oct 25, 2024 1:17:23 PM wheresmymoney.Logging logMessage
INFO: Parsing Line: add /recur /price 2.0 /description rice /category food
Oct 25, 2024 1:17:23 PM wheresmymoney.Logging logMessage
INFO: Adding recurring expense with parameters: 2.000000, rice, food, null, null
Oct 25, 2024 1:17:23 PM wheresmymoney.Logging logMessage
INFO: Successfully added recurring expense.
Oct 25, 2024 1:17:28 PM wheresmymoney.Logging logMessage
INFO: Parsing Line: add /recur /price 2.0 /description rice /category food /date 1-1-2024 /frequency weekly
Oct 25, 2024 1:17:28 PM wheresmymoney.Logging logMessage
INFO: Adding recurring expense with parameters: 2.000000, rice, food, 1-1-2024, weekly
Oct 25, 2024 1:17:28 PM wheresmymoney.Logging logMessage
INFO: Successfully added recurring expense.
Oct 25, 2024 1:17:29 PM wheresmymoney.Logging logMessage
INFO: Parsing Line: list /recur
Oct 25, 2024 1:20:32 PM wheresmymoney.Logging logMessage
INFO: Parsing Line: bye
Oct 25, 2024 1:21:20 PM wheresmymoney.Logging <init>
INFO: Started Logging
Oct 25, 2024 1:21:25 PM wheresmymoney.Logging logMessage
INFO: Parsing Line: add /recur /price 2.0 /description rice /category food /date 1-1-2024 /frequency weekly
Oct 25, 2024 1:21:25 PM wheresmymoney.Logging logMessage
INFO: Adding recurring expense with parameters: 2.000000, rice, food, 1-1-2024, weekly
Oct 25, 2024 1:21:25 PM wheresmymoney.Logging logMessage
INFO: Successfully added recurring expense.
Oct 25, 2024 1:21:27 PM wheresmymoney.Logging logMessage
INFO: Parsing Line: list /recur
Oct 25, 2024 1:21:30 PM wheresmymoney.Logging logMessage
INFO: Parsing Line: add /recur /price 2.0 /description rice /category food
Oct 25, 2024 1:21:30 PM wheresmymoney.Logging logMessage
INFO: Adding recurring expense with parameters: 2.000000, rice, food, null, null
Oct 25, 2024 1:21:30 PM wheresmymoney.Logging logMessage
INFO: Successfully added recurring expense.
Oct 25, 2024 1:21:32 PM wheresmymoney.Logging logMessage
INFO: Parsing Line: list /recur
Oct 25, 2024 1:21:36 PM wheresmymoney.Logging logMessage
INFO: Parsing Line: bye
Oct 25, 2024 1:22:19 PM wheresmymoney.Logging <init>
INFO: Started Logging
Oct 25, 2024 1:22:29 PM wheresmymoney.Logging logMessage
INFO: Parsing Line: list /recur
Oct 25, 2024 1:22:32 PM wheresmymoney.Logging logMessage
INFO: Parsing Line: list
Oct 25, 2024 1:22:33 PM wheresmymoney.Logging logMessage
INFO: Parsing Line: bye
Oct 25, 2024 1:24:03 PM wheresmymoney.Logging <init>
INFO: Started Logging
Oct 25, 2024 1:24:06 PM wheresmymoney.Logging logMessage
INFO: Parsing Line: list /recur
Oct 25, 2024 1:24:08 PM wheresmymoney.Logging logMessage
INFO: Parsing Line: list /recur
Oct 25, 2024 1:24:09 PM wheresmymoney.Logging logMessage
INFO: Parsing Line: list /recur
Oct 25, 2024 1:25:16 PM wheresmymoney.Logging <init>
INFO: Started Logging
Oct 25, 2024 1:25:19 PM wheresmymoney.Logging logMessage
INFO: Parsing Line: list /recur
Oct 25, 2024 1:25:21 PM wheresmymoney.Logging logMessage
INFO: Parsing Line: bye
Oct 25, 2024 1:25:23 PM wheresmymoney.Logging <init>
INFO: Started Logging
Oct 25, 2024 1:25:41 PM wheresmymoney.Logging logMessage
INFO: Parsing Line: add /recur /price 1.0 /description ice cream /category food
Oct 25, 2024 1:25:41 PM wheresmymoney.Logging logMessage
INFO: Adding recurring expense with parameters: 1.000000, ice cream, food, null, null
Oct 25, 2024 1:25:41 PM wheresmymoney.Logging logMessage
INFO: Successfully added recurring expense.
Oct 25, 2024 1:25:45 PM wheresmymoney.Logging logMessage
INFO: Parsing Line: list /recur
Oct 25, 2024 1:26:51 PM wheresmymoney.Logging logMessage
INFO: Parsing Line: /edit 1 /recur /category train
Oct 25, 2024 1:26:56 PM wheresmymoney.Logging logMessage
INFO: Parsing Line: edit 1 /recur /category train
Oct 25, 2024 1:27:58 PM wheresmymoney.Logging logMessage
INFO: Parsing Line: edit 1 /recur /category train /price 2
Oct 25, 2024 1:27:58 PM wheresmymoney.Logging logMessage
INFO: Attempting to edit recurring expense.
Oct 25, 2024 1:27:58 PM wheresmymoney.Logging logMessage
INFO: Failure when editing recurring expense.
Oct 25, 2024 1:28:36 PM wheresmymoney.Logging logMessage
INFO: Parsing Line: edit 1 /recur /category train /price 2 /description rice
Oct 25, 2024 1:28:36 PM wheresmymoney.Logging logMessage
INFO: Attempting to edit recurring expense.
Oct 25, 2024 1:28:36 PM wheresmymoney.Logging logMessage
INFO: Successfully edited recurring expense.
Oct 25, 2024 1:28:38 PM wheresmymoney.Logging logMessage
INFO: Parsing Line: list /recur
Oct 25, 2024 1:28:48 PM wheresmymoney.Logging logMessage
INFO: Parsing Line: delete 1 /recur
Oct 25, 2024 1:28:51 PM wheresmymoney.Logging logMessage
INFO: Parsing Line: list /recur
Oct 25, 2024 1:29:09 PM wheresmymoney.Logging logMessage
INFO: Parsing Line: delete 1 /recur
Oct 25, 2024 1:29:11 PM wheresmymoney.Logging logMessage
INFO: Parsing Line: delete 1
Oct 25, 2024 1:29:20 PM wheresmymoney.Logging logMessage
INFO: Parsing Line: list /recur
Oct 25, 2024 1:29:22 PM wheresmymoney.Logging logMessage
INFO: Parsing Line: delete 0 /recur
Oct 25, 2024 1:29:29 PM wheresmymoney.Logging logMessage
INFO: Parsing Line: delete 2 /recur
Oct 25, 2024 1:29:31 PM wheresmymoney.Logging logMessage
INFO: Parsing Line: delete 1 /recur
Oct 25, 2024 1:29:33 PM wheresmymoney.Logging logMessage
INFO: Parsing Line: list /recur
Oct 25, 2024 1:30:52 PM wheresmymoney.Logging <init>
INFO: Started Logging
Oct 25, 2024 1:30:59 PM wheresmymoney.Logging logMessage
INFO: Parsing Line: add /recur /price 1.0 /description ice cream /category food
Oct 25, 2024 1:30:59 PM wheresmymoney.Logging logMessage
INFO: Adding recurring expense with parameters: 1.000000, ice cream, food, null, null
Oct 25, 2024 1:30:59 PM wheresmymoney.Logging logMessage
INFO: Successfully added recurring expense.
Oct 25, 2024 1:31:01 PM wheresmymoney.Logging logMessage
INFO: Parsing Line: list /recur
Oct 25, 2024 1:31:03 PM wheresmymoney.Logging logMessage
INFO: Parsing Line: delete 1 /recur
Oct 25, 2024 1:31:05 PM wheresmymoney.Logging logMessage
INFO: Parsing Line: list /recur
Oct 25, 2024 1:31:30 PM wheresmymoney.Logging <init>
INFO: Started Logging
Oct 25, 2024 1:31:36 PM wheresmymoney.Logging logMessage
INFO: Parsing Line: add /recur /price 1.0 /description ice cream /category food
Oct 25, 2024 1:31:36 PM wheresmymoney.Logging logMessage
INFO: Adding recurring expense with parameters: 1.000000, ice cream, food, null, null
Oct 25, 2024 1:31:36 PM wheresmymoney.Logging logMessage
INFO: Successfully added recurring expense.
Oct 25, 2024 1:31:38 PM wheresmymoney.Logging logMessage
INFO: Parsing Line: save
Oct 25, 2024 1:31:43 PM wheresmymoney.Logging logMessage
INFO: Parsing Line: list /recur
Oct 25, 2024 1:31:46 PM wheresmymoney.Logging logMessage
INFO: Parsing Line: bye
Oct 25, 2024 1:31:48 PM wheresmymoney.Logging <init>
INFO: Started Logging
Oct 25, 2024 1:31:50 PM wheresmymoney.Logging logMessage
INFO: Parsing Line: load
Oct 25, 2024 1:31:50 PM wheresmymoney.Logging logMessage
INFO: Adding recurring expense with parameters: 1.000000, ice cream, food, , 
Oct 25, 2024 1:31:50 PM wheresmymoney.Logging logMessage
INFO: Successfully added recurring expense.
Oct 25, 2024 1:31:51 PM wheresmymoney.Logging logMessage
INFO: Parsing Line: list /recur
Oct 25, 2024 1:31:54 PM wheresmymoney.Logging logMessage
INFO: Parsing Line: load
Oct 25, 2024 1:31:54 PM wheresmymoney.Logging logMessage
INFO: Adding recurring expense with parameters: 1.000000, ice cream, food, , 
Oct 25, 2024 1:31:54 PM wheresmymoney.Logging logMessage
INFO: Successfully added recurring expense.
Oct 25, 2024 1:31:56 PM wheresmymoney.Logging logMessage
INFO: Parsing Line: list /recur
Oct 25, 2024 1:31:58 PM wheresmymoney.Logging logMessage
INFO: Parsing Line: bye
Nov 03, 2024 9:13:11 PM wheresmymoney.Logging <init>
INFO: Started Logging
Nov 03, 2024 9:13:24 PM wheresmymoney.Logging logMessage
INFO: Parsing Line: help
Nov 03, 2024 9:13:43 PM wheresmymoney.Logging logMessage
INFO: Parsing Line: add /price 4.50 /description chicken rice /category food
Nov 03, 2024 9:13:43 PM wheresmymoney.Logging logMessage
INFO: Adding expense with parameters: 4.500000, chicken rice, food
Nov 03, 2024 9:13:43 PM wheresmymoney.Logging logMessage
INFO: Successfully added expense.
Nov 03, 2024 9:13:51 PM wheresmymoney.Logging logMessage
INFO: Parsing Line: add /price 6.50 /description salad /category food
Nov 03, 2024 9:13:51 PM wheresmymoney.Logging logMessage
INFO: Adding expense with parameters: 6.500000, salad, food
Nov 03, 2024 9:13:51 PM wheresmymoney.Logging logMessage
INFO: Successfully added expense.
Nov 03, 2024 9:14:04 PM wheresmymoney.Logging logMessage
INFO: Parsing Line: add /price 8.00 /description burger /category food
Nov 03, 2024 9:14:04 PM wheresmymoney.Logging logMessage
INFO: Adding expense with parameters: 8.000000, burger, food
Nov 03, 2024 9:14:04 PM wheresmymoney.Logging logMessage
INFO: Successfully added expense.
Nov 03, 2024 9:14:20 PM wheresmymoney.Logging logMessage
INFO: Parsing Line: add /price 2.50 /description laundry /category clothes
Nov 03, 2024 9:14:20 PM wheresmymoney.Logging logMessage
INFO: Adding expense with parameters: 2.500000, laundry, clothes
Nov 03, 2024 9:14:20 PM wheresmymoney.Logging logMessage
INFO: Successfully added expense.
Nov 03, 2024 9:14:35 PM wheresmymoney.Logging logMessage
INFO: Parsing Line: add /price 24.50 /description new shirt /category clothes
Nov 03, 2024 9:14:35 PM wheresmymoney.Logging logMessage
INFO: Adding expense with parameters: 24.500000, new shirt, clothes
Nov 03, 2024 9:14:35 PM wheresmymoney.Logging logMessage
INFO: Successfully added expense.
Nov 03, 2024 9:14:37 PM wheresmymoney.Logging logMessage
INFO: Parsing Line: list
Nov 03, 2024 9:14:37 PM wheresmymoney.Logging logMessage
INFO: Found matching expense: chicken rice
Nov 03, 2024 9:14:37 PM wheresmymoney.Logging logMessage
INFO: Found matching expense: salad
Nov 03, 2024 9:14:37 PM wheresmymoney.Logging logMessage
INFO: Found matching expense: burger
Nov 03, 2024 9:14:37 PM wheresmymoney.Logging logMessage
INFO: Found matching expense: laundry
Nov 03, 2024 9:14:37 PM wheresmymoney.Logging logMessage
INFO: Found matching expense: new shirt
Nov 03, 2024 9:14:50 PM wheresmymoney.Logging logMessage
INFO: Parsing Line: list /category food
Nov 03, 2024 9:14:50 PM wheresmymoney.Logging logMessage
INFO: Found matching expense: chicken rice
Nov 03, 2024 9:14:50 PM wheresmymoney.Logging logMessage
INFO: Found matching expense: salad
Nov 03, 2024 9:14:50 PM wheresmymoney.Logging logMessage
INFO: Found matching expense: burger
Nov 03, 2024 9:14:55 PM wheresmymoney.Logging logMessage
INFO: Parsing Line: stats
Nov 03, 2024 9:14:55 PM wheresmymoney.Logging logMessage
INFO: Found matching expense: chicken rice
Nov 03, 2024 9:14:55 PM wheresmymoney.Logging logMessage
INFO: Found matching expense: salad
Nov 03, 2024 9:14:55 PM wheresmymoney.Logging logMessage
INFO: Found matching expense: burger
Nov 03, 2024 9:14:55 PM wheresmymoney.Logging logMessage
INFO: Found matching expense: laundry
Nov 03, 2024 9:14:55 PM wheresmymoney.Logging logMessage
INFO: Found matching expense: new shirt
Nov 03, 2024 9:15:11 PM wheresmymoney.Logging logMessage
INFO: Parsing Line: stats /category food
Nov 03, 2024 9:15:11 PM wheresmymoney.Logging logMessage
INFO: Found matching expense: chicken rice
Nov 03, 2024 9:15:11 PM wheresmymoney.Logging logMessage
INFO: Found matching expense: salad
Nov 03, 2024 9:15:11 PM wheresmymoney.Logging logMessage
INFO: Found matching expense: burger
Nov 03, 2024 9:15:26 PM wheresmymoney.Logging logMessage
INFO: Parsing Line: end
Nov 03, 2024 9:15:28 PM wheresmymoney.Logging logMessage
INFO: Parsing Line: byw
Nov 03, 2024 9:15:30 PM wheresmymoney.Logging logMessage
INFO: Parsing Line: bye
Nov 05, 2024 12:00:26 PM wheresmymoney.Logging <init>
INFO: Started Logging
Nov 05, 2024 12:00:35 PM wheresmymoney.Logging logMessage
INFO: Parsing Line: add /price 4.23423423 /description test /catgeory test
Nov 05, 2024 12:00:35 PM wheresmymoney.Logging logMessage
INFO: Adding expense with parameters: 4.234234, test, null
Nov 05, 2024 12:00:44 PM wheresmymoney.Logging logMessage
INFO: Parsing Line: add /price 4.23423423 /description test /category test
Nov 05, 2024 12:00:44 PM wheresmymoney.Logging logMessage
INFO: Adding expense with parameters: 4.234234, test, test
Nov 05, 2024 12:00:44 PM wheresmymoney.Logging logMessage
INFO: Successfully added expense.
Nov 05, 2024 12:00:45 PM wheresmymoney.Logging logMessage
INFO: Parsing Line: list
Nov 05, 2024 12:00:45 PM wheresmymoney.Logging logMessage
INFO: Found matching expense: test
Nov 05, 2024 12:00:48 PM wheresmymoney.Logging logMessage
INFO: Parsing Line: bye
Nov 05, 2024 1:38:47 PM wheresmymoney.Logging <init>
INFO: Started Logging
Nov 05, 2024 1:38:52 PM wheresmymoney.Logging logMessage
INFO: Parsing Line: add /price 
Nov 05, 2024 1:38:56 PM wheresmymoney.Logging logMessage
INFO: Parsing Line: add /price /category liya
Nov 05, 2024 1:39:05 PM wheresmymoney.Logging logMessage
INFO: Parsing Line: add /price -1.0 /category liya 
Nov 05, 2024 1:39:05 PM wheresmymoney.Logging logMessage
INFO: Adding expense with parameters: -1.000000, null, liya
Nov 05, 2024 1:41:21 PM wheresmymoney.Logging logMessage
INFO: Parsing Line: add /price -1.0 /category liya /description liya
Nov 05, 2024 1:41:21 PM wheresmymoney.Logging logMessage
INFO: Adding expense with parameters: -1.000000, liya, liya
Nov 05, 2024 1:41:21 PM wheresmymoney.Logging logMessage
INFO: Successfully added expense.
Nov 05, 2024 1:41:23 PM wheresmymoney.Logging logMessage
INFO: Parsing Line: list
Nov 05, 2024 1:41:23 PM wheresmymoney.Logging logMessage
INFO: Found matching expense: liya
Nov 05, 2024 1:42:20 PM wheresmymoney.Logging logMessage
INFO: Parsing Line: bye
Nov 05, 2024 1:42:38 PM wheresmymoney.Logging <init>
INFO: Started Logging
Nov 05, 2024 1:42:41 PM wheresmymoney.Logging logMessage
INFO: Parsing Line: add /price -1.0 /category liya /description liya
Nov 05, 2024 1:42:46 PM wheresmymoney.Logging logMessage
INFO: Parsing Line: add /price -1.0 /category liya /description liya /recur
Nov 05, 2024 1:42:55 PM wheresmymoney.Logging logMessage
INFO: Parsing Line: add /recur /price -1.0 /category liya /description liya
Nov 05, 2024 1:42:58 PM wheresmymoney.Logging logMessage
INFO: Parsing Line: add /recur /price -1.03434 /category liya /description liya
Nov 05, 2024 1:43:02 PM wheresmymoney.Logging logMessage
INFO: Parsing Line: add /recur /price 0 /category liya /description liya
Nov 05, 2024 1:43:11 PM wheresmymoney.Logging logMessage
INFO: Parsing Line: add /recur /price -0.00000001 /category liya /description liya
Nov 05, 2024 1:43:14 PM wheresmymoney.Logging logMessage
INFO: Parsing Line: bye
Nov 05, 2024 1:44:20 PM wheresmymoney.Logging <init>
INFO: Started Logging
Nov 05, 2024 1:44:25 PM wheresmymoney.Logging logMessage
INFO: Parsing Line: add /recur /price -0.00000001 /category liya /description liya
Nov 05, 2024 1:44:34 PM wheresmymoney.Logging logMessage
INFO: Parsing Line: add /recur /price 0 /category liya /description liya
Nov 05, 2024 1:44:40 PM wheresmymoney.Logging logMessage
INFO: Parsing Line: add /recur /price 10 /category liya /description liya
Nov 05, 2024 1:44:44 PM wheresmymoney.Logging logMessage
INFO: Parsing Line: add /recur /price 10 /category liya /description liya /frequency daily
Nov 05, 2024 1:44:44 PM wheresmymoney.Logging logMessage
INFO: Adding recurring expense with parameters: 10.000000, liya, liya, daily
Nov 05, 2024 1:44:44 PM wheresmymoney.Logging logMessage
INFO: Successfully added recurring expense.
Nov 05, 2024 1:44:53 PM wheresmymoney.Logging logMessage
INFO: Parsing Line: edit /recur /price 0 /category liya /description liya /frequency daily
Nov 05, 2024 1:45:12 PM wheresmymoney.Logging logMessage
INFO: Parsing Line: edit 1 /recur /price 0 /category liya /description liya /frequency daily
Nov 05, 2024 1:45:17 PM wheresmymoney.Logging logMessage
INFO: Parsing Line: edit 1 /recur /price -0.1 /category liya /description liya /frequency daily
Nov 05, 2024 1:45:21 PM wheresmymoney.Logging logMessage
INFO: Parsing Line: edit 1 /recur /price 10] /category liya /description liya /frequency daily
Nov 05, 2024 1:45:25 PM wheresmymoney.Logging logMessage
INFO: Parsing Line: edit 1 /recur /price 10 /category liya /description liya /frequency daily
Nov 05, 2024 1:45:25 PM wheresmymoney.Logging logMessage
INFO: Attempting to edit recurring expense.
Nov 05, 2024 1:45:25 PM wheresmymoney.Logging logMessage
INFO: Successfully edited recurring expense.
Nov 05, 2024 1:45:28 PM wheresmymoney.Logging logMessage
INFO: Parsing Line: list /recur
Nov 05, 2024 1:45:42 PM wheresmymoney.Logging logMessage
INFO: Parsing Line: add /price 10.0 /description liya /category liya
Nov 05, 2024 1:45:42 PM wheresmymoney.Logging logMessage
INFO: Adding expense with parameters: 10.000000, liya, liya
Nov 05, 2024 1:45:42 PM wheresmymoney.Logging logMessage
INFO: Successfully added expense.
Nov 05, 2024 1:45:43 PM wheresmymoney.Logging logMessage
INFO: Parsing Line: list
Nov 05, 2024 1:45:43 PM wheresmymoney.Logging logMessage
INFO: Found matching expense: liya
Nov 05, 2024 1:45:52 PM wheresmymoney.Logging logMessage
INFO: Parsing Line: edit 1 /price 0
Nov 05, 2024 1:45:54 PM wheresmymoney.Logging logMessage
INFO: Parsing Line: edit 1 /price -0.1
Nov 05, 2024 1:45:57 PM wheresmymoney.Logging logMessage
INFO: Parsing Line: bye
Nov 05, 2024 1:52:03 PM wheresmymoney.Logging <init>
INFO: Started Logging
Nov 05, 2024 1:52:17 PM wheresmymoney.Logging logMessage
INFO: Parsing Line: add /price 2.00 /description liya /category liya
Nov 05, 2024 1:52:17 PM wheresmymoney.Logging logMessage
INFO: Adding expense with parameters: 2.000000, liya, liya
Nov 05, 2024 1:52:17 PM wheresmymoney.Logging logMessage
INFO: Successfully added expense.
Nov 05, 2024 1:52:18 PM wheresmymoney.Logging logMessage
INFO: Parsing Line: list
Nov 05, 2024 1:52:18 PM wheresmymoney.Logging logMessage
INFO: Found matching expense: liya
Nov 05, 2024 1:52:25 PM wheresmymoney.Logging logMessage
INFO: Parsing Line: add /price 2.234234 /description liya /category liya
Nov 05, 2024 1:52:25 PM wheresmymoney.Logging logMessage
INFO: Adding expense with parameters: 2.234234, liya, liya
Nov 05, 2024 1:52:25 PM wheresmymoney.Logging logMessage
INFO: Successfully added expense.
Nov 05, 2024 1:52:26 PM wheresmymoney.Logging logMessage
INFO: Parsing Line: list
Nov 05, 2024 1:52:26 PM wheresmymoney.Logging logMessage
INFO: Found matching expense: liya
Nov 05, 2024 1:52:26 PM wheresmymoney.Logging logMessage
INFO: Found matching expense: liya
Nov 05, 2024 1:52:39 PM wheresmymoney.Logging logMessage
INFO: Parsing Line: add /recur /price 43.2324234 /description liya /category liya
Nov 05, 2024 1:52:45 PM wheresmymoney.Logging logMessage
INFO: Parsing Line: add /recur /price 43.2324234 /description liya /category liya /frequency monthly
Nov 05, 2024 1:52:45 PM wheresmymoney.Logging logMessage
INFO: Adding recurring expense with parameters: 43.232422, liya, liya, monthly
Nov 05, 2024 1:52:45 PM wheresmymoney.Logging logMessage
INFO: Successfully added recurring expense.
Nov 05, 2024 1:52:47 PM wheresmymoney.Logging logMessage
INFO: Parsing Line: list /recur
Nov 05, 2024 1:52:50 PM wheresmymoney.Logging logMessage
INFO: Parsing Line: bye
